<?xml version="1.0" encoding="UTF-8"?>
<!-- Generated by org.testng.reporters.JUnitXMLReporter -->
<testsuite ignored="0" hostname="DESKTOP-6P7VCHM" failures="0" tests="7" name="TestNinjatestcases" time="55.75" errors="0" timestamp="2024-10-21T23:31:06 IST">
  <testcase classname="Ninza.QA.Testcase.Register1Test" name="Register" time="3.099"/>
  <testcase classname="Ninza.QA.Testcase.Register1Test" name="checkvalidation" time="1.346"/>
  <testcase classname="Ninza.QA.Testcase.loginTest" name="login" time="1.046"/>
  <testcase classname="Ninza.QA.Testcase.loginTest" name="invalidcredentials" time="1.239"/>
  <testcase classname="Ninza.QA.Testcase.loginTest" name="invalidemailvaidpassword" time="1.287"/>
  <testcase classname="Ninza.QA.Testcase.loginTest" name="blackusernamepawword" time="0.961"/>
  <testcase classname="Ninza.QA.Testcase.Search1Test" name="search" time="0.76"/>
</testsuite> <!-- TestNinjatestcases -->
